b528f310-fcad-7aed-7d00-9c412f8e024b
00197dbe-6eca-47bc-1939-3b1267bf3144
f5b89436-7858-190b-25bc-542721c79050
e0569724-2117-9aed-4dc1-f4517423ea60
ced0f34d-459b-efef-2edc-ca6cff18dc9c
d0c82048-b98f-9845-52cb-b4d16cde6306
50439b01-ebff-bb90-129a-183e0945c8f0
811a5069-f2bf-73b8-7769-b5a2e673a6fa
535a5051-5ee3-7419-1d8d-e0780f0204e5
fbeb51cf-fc17-dade-2dcb-00d685b98edf
ff5fc6b8-2be5-1540-7e1f-ea699c8a8ad8
82cca734-3cef-daba-5634-13ad05c6922f
357cd459-1729-2bd3-7a68-d8976ef01dcc
ebf78d64-9257-4f7f-db81-9a3b0a8e5dfd
4ac295fc-9e93-ba0b-fe2a-4610aaec0ca7
d81ca7b1-b86c-b7d7-a940-ee9ca5da86fc
ab83c8e5-6594-f3b6-e666-75824a9c77cf
a27e14a3-4227-4aae-9074-c75d3ba83d0f
9589c8ec-1920-0d5e-0f60-b9243800b918
5dade304-c611-3027-f2cf-6883dc00263d
7187ea18-edec-cfd3-ac74-669395ef9992
15ec00d4-306a-3401-74d8-671cdbfbcd3b
b139d6d0-f4cf-979c-e5e8-82567ad3bf5b
e622d029-7a33-e334-d4bb-807611fcebfb
34cac6fd-288f-cf6d-76ba-15c1a7b7c7a1
645fc596-cef7-4438-20f5-c5b517cd6632
bcbc8509-6301-98e4-dab3-5763f19ee3ac
f0624b11-3092-10c0-5471-a9a1e40e98f1
a01f37cf-82ef-cd63-1bd0-d5e7dd1f5d09
a5ffcc6e-5110-6221-d55d-9a278329425a
daf403d2-2ac8-c5f2-f957-7cf50c52c690
31d7c465-d713-e0e1-09a8-ad59e686f70a
46dfebd7-03f4-e048-dac4-88d96254e584
046febd4-50f3-062a-6967-888275d310aa
14bd5c8a-20ca-2b79-0d1d-c37d1e6f44b5
6fb1936f-f5ff-cb20-234a-b16a6a917237
c6095744-d1da-f683-1360-af26252c36f3
3aa3ca01-fc16-25cf-6b6d-0fa95edb902d
e417b4eb-030e-7dd8-c475-3f7e5055644f
c3a9ff36-a3ce-8ada-e0c8-c37eecda0991
f85784ae-181f-c6e2-08c0-8f1a852edd9f
181d4169-c054-61e3-746f-c4f0d6bc5903
738cec99-03fd-9503-f99e-315a6b635fb1
6665452d-9f27-58b4-5232-96913e5e50ed
6e992b76-06b5-a32c-7a51-582c80851fe5
73ce823d-49de-5799-7669-d3f862cc2abf
d4ef3d75-c9ea-8c7f-cb06-99d0f5eb435e
05b5c886-76aa-128b-4b14-2455ba6e11c9
3fb62e94-63ac-82aa-b633-6ae73e3aba6a
52b1b540-db62-0668-2d42-e180adf7a7c4
b8b049f2-3223-c537-4a2f-42901c0e3481
0afaede4-3365-f261-c166-049bfde596c5
d36d92a1-01dc-2890-3555-dca1dd9a98d0
cf0658c0-a5fc-29cf-0b18-250a1f99315b
216fac63-b1eb-afd0-c312-2dfd3274f8b3
2490e89e-86f9-47e3-30b6-97136fed4727
74557605-f7b4-cd80-fdc2-f35ef4dff23c
6168879c-89d8-13b6-8bad-90adc2f1c636
3134bd00-7c33-bbb3-b043-b9a903adf098
b65b2552-3aee-218b-6a27-6eb87e7d2742
